#
# A fatal error has been detected by the Java Runtime Environment:
#
#  Internal Error (javaClasses.cpp:136), pid=7256, tid=7992
#  fatal error: Invalid layout of preloaded class
#
# JRE version:  (7.0_40-b43) (build )
# Java VM: Java HotSpot(TM) 64-Bit Server VM (24.0-b56 mixed mode windows-amd64 compressed oops)
# Failed to write core dump. Minidumps are not enabled by default on client versions of Windows
#
# If you would like to submit a bug report, please visit:
#   http://bugreport.sun.com/bugreport/crash.jsp
#

---------------  T H R E A D  ---------------

Current thread (0x0000000002330800):  JavaThread "Unknown thread" [_thread_in_vm, id=7992, stack(0x00000000021e0000,0x00000000022e0000)]

Stack: [0x00000000021e0000,0x00000000022e0000]

---------------  P R O C E S S  ---------------

Java Threads: ( => current thread )

Other Threads:

=>0x0000000002330800 (exited) JavaThread "Unknown thread" [_thread_in_vm, id=7992, stack(0x00000000021e0000,0x00000000022e0000)]

VM state:not at safepoint (not fully initialized)

VM Mutex/Monitor currently owned by a thread: None

GC Heap History (0 events):
No events

Deoptimization events (0 events):
No events

Internal exceptions (0 events):
No events

Events (10 events):
Event: 0.013 loading class 0x00000000023705c0 done
Event: 0.013 loading class 0x000000000236ffe0 done
Event: 0.013 loading class 0x000000000236ffc0
Event: 0.013 loading class 0x00000000023780e0
Event: 0.013 loading class 0x00000000023780e0 done
Event: 0.013 loading class 0x0000000002378110
Event: 0.013 loading class 0x0000000002378110 done
Event: 0.013 loading class 0x0000000002378140
Event: 0.013 loading class 0x0000000002378140 done
Event: 0.014 loading class 0x000000000236ffc0 done


Dynamic libraries:
0x000007f65b3a0000 - 0x000007f65b3d3000 	C:\Program Files\Java\jre7\bin\javaw.exe
0x000007fc8a140000 - 0x000007fc8a300000 	C:\Windows\SYSTEM32\ntdll.dll
0x000007fc893a0000 - 0x000007fc894d6000 	C:\Windows\system32\KERNEL32.DLL
0x000007fc87430000 - 0x000007fc87523000 	C:\Windows\system32\KERNELBASE.dll
0x000007fc87530000 - 0x000007fc8760e000 	C:\Windows\system32\ADVAPI32.dll
0x000007fc88d70000 - 0x000007fc88ebc000 	C:\Windows\system32\USER32.dll
0x000007fc84e20000 - 0x000007fc8508a000 	C:\Windows\WinSxS\amd64_microsoft.windows.common-controls_6595b64144ccf1df_6.0.9200.16579_none_418ab7ef718b27ef\COMCTL32.dll
0x000007fc89c30000 - 0x000007fc89cd5000 	C:\Windows\system32\msvcrt.dll
0x000007fc894e0000 - 0x000007fc89528000 	C:\Windows\SYSTEM32\sechost.dll
0x000007fc89ae0000 - 0x000007fc89c25000 	C:\Windows\system32\RPCRT4.dll
0x000007fc89d10000 - 0x000007fc89e51000 	C:\Windows\system32\GDI32.dll
0x000007fc890c0000 - 0x000007fc890f9000 	C:\Windows\system32\IMM32.DLL
0x000007fc88c40000 - 0x000007fc88d56000 	C:\Windows\system32\MSCTF.dll
0x0000000051020000 - 0x00000000510f1000 	C:\Program Files\Java\jre7\bin\msvcr100.dll
0x00000000502b0000 - 0x0000000050a79000 	C:\Program Files\Java\jre7\bin\server\jvm.dll
0x000007fc857a0000 - 0x000007fc857a9000 	C:\Windows\SYSTEM32\WSOCK32.dll
0x000007fc82d90000 - 0x000007fc82db0000 	C:\Windows\SYSTEM32\WINMM.dll
0x000007fc89100000 - 0x000007fc89107000 	C:\Windows\system32\PSAPI.DLL
0x000007fc88ec0000 - 0x000007fc88f18000 	C:\Windows\system32\WS2_32.dll
0x000007fc82d50000 - 0x000007fc82d83000 	C:\Windows\SYSTEM32\WINMMBASE.dll
0x000007fc89530000 - 0x000007fc89539000 	C:\Windows\system32\NSI.dll
0x000007fc872a0000 - 0x000007fc872ef000 	C:\Windows\SYSTEM32\cfgmgr32.dll
0x000007fc87400000 - 0x000007fc87422000 	C:\Windows\system32\DEVOBJ.dll
0x0000000051010000 - 0x000000005101f000 	C:\Program Files\Java\jre7\bin\verify.dll
0x0000000050fe0000 - 0x0000000051008000 	C:\Program Files\Java\jre7\bin\java.dll
0x0000000050fc0000 - 0x0000000050fd5000 	C:\Program Files\Java\jre7\bin\zip.dll

VM Arguments:
jvm_args: -Dfile.encoding=Cp1252 -Xbootclasspath:C:\Users\quikphish83\Desktop\eclipse-cpp-kepler-R-win32-x86_64\eclipse\platforms\android-10\android.jar 
java_command: edu.udel.jogordon.bombsgoboom.BombsGoBoom
Launcher Type: SUN_STANDARD

Environment Variables:
PATH=C:\Program Files (x86)\AMD APP\bin\x86_64;C:\Program Files (x86)\AMD APP\bin\x86;C:\Windows\system32;C:\Windows;C:\Windows\System32\Wbem;C:\Windows\System32\WindowsPowerShell\v1.0\;C:\Program Files (x86)\Windows Live\Shared;C:\Program Files (x86)\ATI Technologies\ATI.ACE\Core-Static;C:\MinGW\bin
USERNAME=quikphish83
OS=Windows_NT
PROCESSOR_IDENTIFIER=AMD64 Family 21 Model 16 Stepping 1, AuthenticAMD



---------------  S Y S T E M  ---------------

OS: Windows 8 , 64 bit Build 9200 

CPU:total 2 (2 cores per cpu, 1 threads per core) family 21 model 16 stepping 1, cmov, cx8, fxsr, mmx, sse, sse2, sse3, ssse3, sse4.1, sse4.2, popcnt, avx, aes, mmxext, 3dnowpref, lzcnt, sse4a, tsc, tscinvbit, tscinv

Memory: 4k page, physical 3639568k(1839748k free), swap 4294928k(1486268k free)

vm_info: Java HotSpot(TM) 64-Bit Server VM (24.0-b56) for windows-amd64 JRE (1.7.0_40-b43), built on Aug 26 2013 22:38:32 by "java_re" with unknown MS VC++:1600

time: Sat Nov 16 16:05:31 2013
elapsed time: 0 seconds

